Построение начато 29.12.2017 11:52:12.
     1>Проект "C:\Users\almel\OneDrive\Рабочий стол\game\game\game.vcxproj" в узле 2 (целевые объекты build).
     1>InitializeBuildStatus:
         Создание "Debug\game.unsuccessfulbuild", так как было задано "AlwaysCreate".
       ClCompile:
         c:\Program Files (x86)\Microsoft Visual Studio 10.0\VC\bin\CL.exe /c /I"D:\group\SFML-2.3\include" /ZI /nologo /W3 /WX- /Od /Oy- /D WIN32 /D _DEBUG /D _CONSOLE /D _UNICODE /D UNICODE /Gm /EHsc /RTC1 /MDd /GS /fp:precise /Zc:wchar_t /Zc:forScope /Fo"Debug\\" /Fd"Debug\vc100.pdb" /Gd /TP /analyze- /errorReport:prompt main.cpp
         main.cpp
     1>c:\users\almel\onedrive\рабочий стол\game\game\main.cpp(59): warning C4244: инициализация: преобразование "int" в "float", возможна потеря данных
     1>c:\users\almel\onedrive\рабочий стол\game\game\main.cpp(60): warning C4244: инициализация: преобразование "int" в "float", возможна потеря данных
     1>c:\users\almel\onedrive\рабочий стол\game\game\main.cpp(71): warning C4244: инициализация: преобразование "sf::Int64" в "float", возможна потеря данных
     1>c:\users\almel\onedrive\рабочий стол\game\game\main.cpp(73): warning C4244: =: преобразование "float" в "int", возможна потеря данных
     1>c:\users\almel\onedrive\рабочий стол\game\game\main.cpp(80): warning C4244: +=: преобразование "float" в "int", возможна потеря данных
     1>c:\users\almel\onedrive\рабочий стол\game\game\main.cpp(173): warning C4244: аргумент: преобразование "int" в "float", возможна потеря данных
     1>c:\users\almel\onedrive\рабочий стол\game\game\main.cpp(173): warning C4244: аргумент: преобразование "int" в "float", возможна потеря данных
       ManifestResourceCompile:
         Для всех выходных данных обновления не требуется.
       Link:
         c:\Program Files (x86)\Microsoft Visual Studio 10.0\VC\bin\link.exe /ERRORREPORT:PROMPT /OUT:"C:\Users\almel\OneDrive\Рабочий стол\game\Debug\game.exe" /INCREMENTAL /NOLOGO /LIBPATH:"D:\group\SFML-2.3\lib" "sfml-graphics-d.lib" "sfml-window-d.lib" "sfml-system-d.lib" "sfml-network-d.lib" "sfml-audio-d.lib" kernel32.lib user32.lib gdi32.lib winspool.lib comdlg32.lib advapi32.lib shell32.lib ole32.lib oleaut32.lib uuid.lib odbc32.lib odbccp32.lib /MANIFEST /ManifestFile:"Debug\game.exe.intermediate.manifest" /MANIFESTUAC:"level='asInvoker' uiAccess='false'" /DEBUG /PDB:"C:\Users\almel\OneDrive\Рабочий стол\game\Debug\game.pdb" /SUBSYSTEM:CONSOLE /TLBID:1 /DYNAMICBASE /NXCOMPAT /IMPLIB:"C:\Users\almel\OneDrive\Рабочий стол\game\Debug\game.lib" /MACHINE:X86 Debug\game.exe.embed.manifest.res
         Debug\Bullet.obj
         Debug\Enemy.obj
         Debug\EntClass.obj
         Debug\main.obj
         Debug\map.obj
         Debug\PClass.obj
       Manifest:
         C:\Program Files (x86)\Microsoft SDKs\Windows\v7.0A\bin\mt.exe /nologo /verbose /out:"Debug\game.exe.embed.manifest" /manifest Debug\game.exe.intermediate.manifest
         Для всех выходных данных обновления не требуется.
       LinkEmbedManifest:
         Для всех выходных данных обновления не требуется.
         game.vcxproj -> C:\Users\almel\OneDrive\Рабочий стол\game\Debug\game.exe
       FinalizeBuildStatus:
         Файл "Debug\game.unsuccessfulbuild" удаляется.
         Обращение к "Debug\game.lastbuildstate".
     1>Построение проекта "C:\Users\almel\OneDrive\Рабочий стол\game\game\game.vcxproj" завершено (целевые объекты build).

Построение успешно завершено.

Затраченное время: 00:00:01.94
